<?xml version="1.0" encoding="UTF-8"?>
<!-- Generated by org.testng.reporters.JUnitReportReporter -->
<testsuite hostname="LAPTOP-GQLOSOI2" failures="0" tests="12" name="api.testcases.TestUsersDD" time="19.347" errors="0" timestamp="2023-08-04T12:21:15 IST" skipped="0">
  <testcase classname="api.testcases.TestUsersDD" name="postusers" time="1.565"/>
  <system-out/>
  <testcase classname="api.testcases.TestUsersDD" name="postusers" time="2.960"/>
  <system-out/>
  <testcase classname="api.testcases.TestUsersDD" name="postusers" time="1.532"/>
  <system-out/>
  <testcase classname="api.testcases.TestUsersDD" name="Getusers" time="1.495"/>
  <system-out/>
  <testcase classname="api.testcases.TestUsersDD" name="Getusers" time="1.402"/>
  <system-out/>
  <testcase classname="api.testcases.TestUsersDD" name="Getusers" time="1.533"/>
  <system-out/>
  <testcase classname="api.testcases.TestUsersDD" name="Putusers" time="1.355"/>
  <system-out/>
  <testcase classname="api.testcases.TestUsersDD" name="Putusers" time="1.532"/>
  <system-out/>
  <testcase classname="api.testcases.TestUsersDD" name="Putusers" time="1.398"/>
  <system-out/>
  <testcase classname="api.testcases.TestUsersDD" name="Deleteusers" time="1.505"/>
  <system-out/>
  <testcase classname="api.testcases.TestUsersDD" name="Deleteusers" time="1.533"/>
  <system-out/>
  <testcase classname="api.testcases.TestUsersDD" name="Deleteusers" time="1.537"/>
  <system-out/>
</testsuite> <!-- api.testcases.TestUsersDD -->
