<?xml version="1.0" encoding="UTF-8"?>
<!-- Generated by org.testng.reporters.JUnitReportReporter -->
<testsuite hostname="LAPTOP-GQLOSOI2" failures="0" tests="12" name="api.testcases.TestUsersDD2" time="19.630" errors="0" timestamp="2023-08-04T15:14:37 IST" skipped="0">
  <testcase classname="api.testcases.TestUsersDD2" name="postusers" time="1.552"/>
  <system-out/>
  <testcase classname="api.testcases.TestUsersDD2" name="postusers" time="3.089"/>
  <system-out/>
  <testcase classname="api.testcases.TestUsersDD2" name="postusers" time="1.528"/>
  <system-out/>
  <testcase classname="api.testcases.TestUsersDD2" name="Getusers" time="1.532"/>
  <system-out/>
  <testcase classname="api.testcases.TestUsersDD2" name="Getusers" time="1.533"/>
  <system-out/>
  <testcase classname="api.testcases.TestUsersDD2" name="Getusers" time="1.535"/>
  <system-out/>
  <testcase classname="api.testcases.TestUsersDD2" name="Putusers" time="1.537"/>
  <system-out/>
  <testcase classname="api.testcases.TestUsersDD2" name="Putusers" time="1.517"/>
  <system-out/>
  <testcase classname="api.testcases.TestUsersDD2" name="Putusers" time="1.425"/>
  <system-out/>
  <testcase classname="api.testcases.TestUsersDD2" name="Deleteusers" time="1.421"/>
  <system-out/>
  <testcase classname="api.testcases.TestUsersDD2" name="Deleteusers" time="1.422"/>
  <system-out/>
  <testcase classname="api.testcases.TestUsersDD2" name="Deleteusers" time="1.539"/>
  <system-out/>
</testsuite> <!-- api.testcases.TestUsersDD2 -->
