<?xml version="1.0" encoding="UTF-8"?>
<!-- Generated by org.testng.reporters.JUnitReportReporter -->
<testsuite hostname="LAPTOP-GQLOSOI2" failures="0" tests="4" name="api.testcases.TestUsers" time="7.190" errors="0" timestamp="2023-08-02T12:08:15 IST" skipped="0">
  <testcase classname="api.testcases.TestUsers" name="PostUserTest" time="2.554"/>
  <system-out/>
  <testcase classname="api.testcases.TestUsers" name="GetUserTest" time="1.134"/>
  <system-out/>
  <testcase classname="api.testcases.TestUsers" name="PutUsersTest" time="2.335"/>
  <system-out/>
  <testcase classname="api.testcases.TestUsers" name="DeleteUsersTest" time="1.167"/>
  <system-out/>
</testsuite> <!-- api.testcases.TestUsers -->
