<?xml version="1.0" encoding="UTF-8"?>
<!-- Generated by org.testng.reporters.JUnitReportReporter -->
<testsuite hostname="LAPTOP-GQLOSOI2" failures="0" tests="12" name="api.testcases.TestUsersDD" time="15.229" errors="0" timestamp="2023-08-04T16:22:23 IST" skipped="0">
  <testcase classname="api.testcases.TestUsersDD" name="postusers" time="1.147"/>
  <system-out/>
  <testcase classname="api.testcases.TestUsersDD" name="postusers" time="2.668"/>
  <system-out/>
  <testcase classname="api.testcases.TestUsersDD" name="postusers" time="1.151"/>
  <system-out/>
  <testcase classname="api.testcases.TestUsersDD" name="Getusers" time="1.100"/>
  <system-out/>
  <testcase classname="api.testcases.TestUsersDD" name="Getusers" time="1.196"/>
  <system-out/>
  <testcase classname="api.testcases.TestUsersDD" name="Getusers" time="1.129"/>
  <system-out/>
  <testcase classname="api.testcases.TestUsersDD" name="Putusers" time="1.171"/>
  <system-out/>
  <testcase classname="api.testcases.TestUsersDD" name="Putusers" time="1.085"/>
  <system-out/>
  <testcase classname="api.testcases.TestUsersDD" name="Putusers" time="1.136"/>
  <system-out/>
  <testcase classname="api.testcases.TestUsersDD" name="Deleteusers" time="1.119"/>
  <system-out/>
  <testcase classname="api.testcases.TestUsersDD" name="Deleteusers" time="1.163"/>
  <system-out/>
  <testcase classname="api.testcases.TestUsersDD" name="Deleteusers" time="1.164"/>
  <system-out/>
</testsuite> <!-- api.testcases.TestUsersDD -->
